2018-06-20 20:24:38 INFO  SystemTestNew:68 - SystemTestService.listAll :  system_tests retrieved.
2018-06-20 20:26:48 INFO  SystemTestNew:68 - SystemTestService.listAll :  system_tests retrieved.
2018-06-20 20:27:20 INFO  SystemTestNew:68 - SystemTestService.listAll :  system_tests retrieved.
2018-06-20 20:28:40 INFO  SystemTestNew:68 - SystemTestService.listAll :  system_tests retrieved.
2018-06-20 20:29:25 INFO  SystemTestNew:68 - SystemTestService.listAll :  system_tests retrieved.
2018-06-20 20:29:34 INFO  SystemTestNew:68 - SystemTestService.listAll :  system_tests retrieved.
2018-06-20 20:29:39 INFO  SystemTestNew:68 - SystemTestService.listAll :  system_tests retrieved.
2018-06-20 20:29:47 INFO  SystemTestNew:68 - SystemTestService.listAll :  system_tests retrieved.
2018-06-20 20:52:04 INFO  SystemTestNew:68 - SystemTestService.listAll :  system_tests retrieved.
2018-06-20 20:53:57 INFO  SystemTestNew:68 - SystemTestService.listAll :  system_tests retrieved.
2018-06-20 20:54:39 INFO  SystemTestNew:68 - SystemTestService.listAll :  system_tests retrieved.
2018-06-20 20:54:47 INFO  SystemTestNew:68 - SystemTestService.listAll :  system_tests retrieved.
2018-06-20 20:54:52 INFO  SystemTestNew:68 - SystemTestService.listAll :  system_tests retrieved.
2018-06-20 20:55:05 INFO  SystemTestNew:68 - SystemTestService.listAll :  system_tests retrieved.
2018-06-20 20:55:22 INFO  SystemTestNew:68 - SystemTestService.listAll :  system_tests retrieved.
2018-06-20 20:55:41 INFO  SystemTestNew:68 - SystemTestService.listAll :  system_tests retrieved.
2018-06-20 20:55:42 INFO  SystemTestNew:68 - SystemTestService.listAll :  system_tests retrieved.
2018-06-20 20:55:44 INFO  SystemTestNew:68 - SystemTestService.listAll :  system_tests retrieved.
2018-06-20 20:55:45 INFO  UnitTestService:97 - UnitTestService.listAll :  unit_tests retrieved.
2018-06-20 20:55:46 INFO  SystemTestNew:68 - SystemTestService.listAll :  system_tests retrieved.
2018-06-20 20:55:48 INFO  SystemTestNew:68 - SystemTestService.listAll :  system_tests retrieved.
2018-06-20 20:55:49 INFO  SystemTestNew:68 - SystemTestService.listAll :  system_tests retrieved.
2018-06-20 20:55:50 INFO  UnitTestService:97 - UnitTestService.listAll :  unit_tests retrieved.
2018-06-20 20:55:51 INFO  SystemTestNew:68 - SystemTestService.listAll :  system_tests retrieved.
2018-06-20 20:55:52 INFO  SystemTestNew:68 - SystemTestService.listAll :  system_tests retrieved.
2018-06-20 20:56:26 INFO  SystemTestNew:68 - SystemTestService.listAll :  system_tests retrieved.
2018-06-20 20:57:40 INFO  SystemTestNew:68 - SystemTestService.listAll :  system_tests retrieved.
2018-06-20 20:57:46 INFO  SystemTestNew:68 - SystemTestService.listAll :  system_tests retrieved.
2018-06-20 20:59:57 INFO  SystemTestNew:68 - SystemTestService.listAll :  system_tests retrieved.
2018-06-20 20:59:58 INFO  SystemTestNew:68 - SystemTestService.listAll :  system_tests retrieved.
2018-06-20 21:00:04 INFO  SystemTestNew:68 - SystemTestService.listAll :  system_tests retrieved.
2018-06-20 21:00:05 INFO  SystemTestNew:68 - SystemTestService.listAll :  system_tests retrieved.
2018-06-20 21:00:07 INFO  SystemTestNew:68 - SystemTestService.listAll :  system_tests retrieved.
2018-06-20 21:01:14 INFO  SystemTestNew:68 - SystemTestService.listAll :  system_tests retrieved.
2018-06-20 21:01:31 INFO  SystemTestNew:68 - SystemTestService.listAll :  system_tests retrieved.
2018-06-20 21:01:53 INFO  SystemTestNew:68 - SystemTestService.listAll :  system_tests retrieved.
2018-06-20 21:02:59 INFO  SystemTestNew:68 - SystemTestService.listAll :  system_tests retrieved.
2018-06-20 21:05:51 INFO  SystemTestNew:68 - SystemTestService.listAll :  system_tests retrieved.
2018-06-20 21:06:02 INFO  SystemTestNew:68 - SystemTestService.listAll :  system_tests retrieved.
2018-06-20 21:07:51 INFO  SystemTestNew:68 - SystemTestService.listAll :  system_tests retrieved.
2018-06-20 21:08:03 INFO  SystemTestNew:68 - SystemTestService.listAll :  system_tests retrieved.
2018-06-20 21:09:40 INFO  SystemTestNew:68 - SystemTestService.listAll :  system_tests retrieved.
2018-06-20 21:09:50 INFO  SystemTestNew:68 - SystemTestService.listAll :  system_tests retrieved.
2018-06-24 12:45:43 INFO  SystemTestNew:68 - SystemTestService.listAll :  system_tests retrieved.
2018-06-24 12:58:35 INFO  SystemTestNew:68 - SystemTestService.listAll :  system_tests retrieved.
2018-06-24 13:00:40 INFO  SystemTestNew:68 - SystemTestService.listAll :  system_tests retrieved.
2018-06-24 13:00:47 INFO  SystemTestNew:68 - SystemTestService.listAll :  system_tests retrieved.
2018-06-24 13:30:06 INFO  SystemTestNew:68 - SystemTestService.listAll :  system_tests retrieved.
2018-06-24 13:30:12 INFO  SystemTestNew:68 - SystemTestService.listAll :  system_tests retrieved.
2018-06-24 13:31:12 INFO  SystemTestNew:68 - SystemTestService.listAll :  system_tests retrieved.
2018-06-24 13:31:16 INFO  SystemTestNew:68 - SystemTestService.listAll :  system_tests retrieved.
2018-06-24 13:31:23 INFO  SystemTestNew:68 - SystemTestService.listAll :  system_tests retrieved.
2018-06-24 13:31:33 INFO  SystemTestNew:68 - SystemTestService.listAll :  system_tests retrieved.
2018-06-24 13:46:29 INFO  SystemTestNew:68 - SystemTestService.listAll :  system_tests retrieved.
2018-06-24 13:47:45 INFO  SystemTestNew:68 - SystemTestService.listAll :  system_tests retrieved.
2018-06-24 13:48:49 INFO  SystemTestNew:68 - SystemTestService.listAll :  system_tests retrieved.
2018-06-24 13:49:59 INFO  SystemTestNew:68 - SystemTestService.listAll :  system_tests retrieved.
2018-06-24 13:52:53 INFO  SystemTestNew:68 - SystemTestService.listAll :  system_tests retrieved.
2018-06-24 16:33:48 INFO  SystemTestNew:68 - SystemTestService.listAll :  system_tests retrieved.
2018-06-24 16:34:25 INFO  SystemTestNew:68 - SystemTestService.listAll :  system_tests retrieved.
2018-06-24 16:35:55 INFO  SystemTestNew:68 - SystemTestService.listAll :  system_tests retrieved.
2018-06-24 16:37:15 INFO  SystemTestNew:68 - SystemTestService.listAll :  system_tests retrieved.
2018-06-24 16:47:23 INFO  SystemTestNew:68 - SystemTestService.listAll :  system_tests retrieved.
2018-06-24 17:00:42 INFO  SystemTestNew:68 - SystemTestService.listAll :  system_tests retrieved.
2018-06-24 17:02:34 INFO  SystemTestNew:68 - SystemTestService.listAll :  system_tests retrieved.
2018-06-24 17:03:17 INFO  SystemTestNew:68 - SystemTestService.listAll :  system_tests retrieved.
2018-06-24 17:03:20 INFO  UnitTestService:144 - UnitTestService.listBySystemTest :  unit_tests retrieved by system_test_id.
2018-06-24 17:03:48 INFO  UnitTestService:144 - UnitTestService.listBySystemTest :  unit_tests retrieved by system_test_id.
2018-06-24 17:19:14 INFO  SystemTestNew:68 - SystemTestService.listAll :  system_tests retrieved.
2018-06-24 17:19:16 INFO  UnitTestService:144 - UnitTestService.listBySystemTest :  unit_tests retrieved by system_test_id.
2018-06-24 17:19:34 INFO  SystemTestNew:68 - SystemTestService.listAll :  system_tests retrieved.
2018-06-24 17:19:40 INFO  UnitTestService:144 - UnitTestService.listBySystemTest :  unit_tests retrieved by system_test_id.
2018-06-24 17:20:11 INFO  SystemTestNew:68 - SystemTestService.listAll :  system_tests retrieved.
2018-06-24 17:20:13 INFO  UnitTestService:144 - UnitTestService.listBySystemTest :  unit_tests retrieved by system_test_id.
2018-06-24 17:21:10 INFO  SystemTestNew:68 - SystemTestService.listAll :  system_tests retrieved.
2018-06-24 17:21:12 INFO  UnitTestService:144 - UnitTestService.listBySystemTest :  unit_tests retrieved by system_test_id.
2018-06-24 17:21:37 INFO  SystemTestNew:68 - SystemTestService.listAll :  system_tests retrieved.
2018-06-24 17:21:39 INFO  UnitTestService:144 - UnitTestService.listBySystemTest :  unit_tests retrieved by system_test_id.
2018-06-24 17:21:49 INFO  UnitTestService:144 - UnitTestService.listBySystemTest :  unit_tests retrieved by system_test_id.
2018-06-24 17:37:09 INFO  SystemTestNew:68 - SystemTestService.listAll :  system_tests retrieved.
2018-06-24 17:37:12 INFO  UnitTestService:144 - UnitTestService.listBySystemTest :  unit_tests retrieved by system_test_id.
2018-06-24 17:37:17 INFO  UnitTestService:144 - UnitTestService.listBySystemTest :  unit_tests retrieved by system_test_id.
2018-06-24 17:37:20 INFO  SystemTestNew:68 - SystemTestService.listAll :  system_tests retrieved.
2018-06-24 17:37:24 INFO  UnitTestService:144 - UnitTestService.listBySystemTest :  unit_tests retrieved by system_test_id.
2018-06-24 17:39:48 INFO  SystemTestNew:68 - SystemTestService.listAll :  system_tests retrieved.
2018-06-24 17:39:50 INFO  UnitTestService:144 - UnitTestService.listBySystemTest :  unit_tests retrieved by system_test_id.
2018-06-24 17:41:06 INFO  SystemTestNew:68 - SystemTestService.listAll :  system_tests retrieved.
2018-06-24 17:41:09 INFO  UnitTestService:144 - UnitTestService.listBySystemTest :  unit_tests retrieved by system_test_id.
2018-06-24 17:52:47 INFO  SystemTestNew:68 - SystemTestService.listAll :  system_tests retrieved.
2018-06-24 17:52:49 INFO  UnitTestService:144 - UnitTestService.listBySystemTest :  unit_tests retrieved by system_test_id.
2018-06-24 17:53:11 INFO  UnitTestService:144 - UnitTestService.listBySystemTest :  unit_tests retrieved by system_test_id.
2018-06-24 17:53:43 INFO  SystemTestNew:68 - SystemTestService.listAll :  system_tests retrieved.
2018-06-24 17:53:46 INFO  UnitTestService:144 - UnitTestService.listBySystemTest :  unit_tests retrieved by system_test_id.
2018-06-24 17:54:27 INFO  SystemTestNew:68 - SystemTestService.listAll :  system_tests retrieved.
2018-06-24 17:54:29 INFO  UnitTestService:144 - UnitTestService.listBySystemTest :  unit_tests retrieved by system_test_id.
2018-06-24 18:01:56 INFO  SystemTestNew:68 - SystemTestService.listAll :  system_tests retrieved.
2018-06-24 18:02:01 INFO  UnitTestService:144 - UnitTestService.listBySystemTest :  unit_tests retrieved by system_test_id.
2018-06-24 18:03:03 INFO  SystemTestNew:68 - SystemTestService.listAll :  system_tests retrieved.
2018-06-24 18:03:06 INFO  UnitTestService:144 - UnitTestService.listBySystemTest :  unit_tests retrieved by system_test_id.
2018-06-24 18:25:09 INFO  SystemTestNew:68 - SystemTestService.listAll :  system_tests retrieved.
2018-06-24 18:25:12 INFO  UnitTestService:144 - UnitTestService.listBySystemTest :  unit_tests retrieved by system_test_id.
2018-06-24 18:25:12 INFO  UnitTestService:189 - UnitTestService.findByID :  unit_test retrieved by id.
2018-06-24 18:25:12 INFO  UnitTestService:189 - UnitTestService.findByID :  unit_test retrieved by id.
2018-06-24 18:25:12 INFO  UnitTestService:189 - UnitTestService.findByID :  unit_test retrieved by id.
2018-06-24 18:25:12 INFO  UnitTestService:189 - UnitTestService.findByID :  unit_test retrieved by id.
2018-06-24 19:47:49 INFO  SystemTestNew:68 - SystemTestService.listAll :  system_tests retrieved.
2018-06-24 19:48:12 INFO  UnitTestService:144 - UnitTestService.listBySystemTest :  unit_tests retrieved by system_test_id.
2018-06-24 19:48:13 INFO  UnitTestService:189 - UnitTestService.findByID :  unit_test retrieved by id.
2018-06-24 19:52:53 INFO  SystemTestNew:68 - SystemTestService.listAll :  system_tests retrieved.
2018-06-24 19:53:02 INFO  UnitTestService:144 - UnitTestService.listBySystemTest :  unit_tests retrieved by system_test_id.
2018-06-24 19:53:02 INFO  UnitTestService:189 - UnitTestService.findByID :  unit_test retrieved by id.
2018-06-24 19:53:02 ERROR EndpointConnection:62 - String index out of range: -1
java.lang.StringIndexOutOfBoundsException: String index out of range: -1
	at java.lang.String.substring(String.java:1967)
	at edu.uga.discoverontology.datastore.EndpointConnection.executeQuery(EndpointConnection.java:38)
	at edu.uga.discoverontology.presentation.RunUnitTest.loadPage(RunUnitTest.java:53)
	at edu.uga.discoverontology.presentation.RunUnitTest.doGet(RunUnitTest.java:28)
	at javax.servlet.http.HttpServlet.service(HttpServlet.java:624)
	at javax.servlet.http.HttpServlet.service(HttpServlet.java:731)
	at org.apache.catalina.core.ApplicationFilterChain.internalDoFilter(ApplicationFilterChain.java:303)
	at org.apache.catalina.core.ApplicationFilterChain.doFilter(ApplicationFilterChain.java:208)
	at org.apache.tomcat.websocket.server.WsFilter.doFilter(WsFilter.java:52)
	at org.apache.catalina.core.ApplicationFilterChain.internalDoFilter(ApplicationFilterChain.java:241)
	at org.apache.catalina.core.ApplicationFilterChain.doFilter(ApplicationFilterChain.java:208)
	at org.apache.catalina.core.StandardWrapperValve.invoke(StandardWrapperValve.java:219)
	at org.apache.catalina.core.StandardContextValve.invoke(StandardContextValve.java:110)
	at org.apache.catalina.authenticator.AuthenticatorBase.invoke(AuthenticatorBase.java:498)
	at org.apache.catalina.core.StandardHostValve.invoke(StandardHostValve.java:169)
	at org.apache.catalina.valves.ErrorReportValve.invoke(ErrorReportValve.java:103)
	at org.apache.catalina.valves.AccessLogValve.invoke(AccessLogValve.java:1025)
	at org.apache.catalina.core.StandardEngineValve.invoke(StandardEngineValve.java:116)
	at org.apache.catalina.connector.CoyoteAdapter.service(CoyoteAdapter.java:445)
	at org.apache.coyote.http11.AbstractHttp11Processor.process(AbstractHttp11Processor.java:1139)
	at org.apache.coyote.AbstractProtocol$AbstractConnectionHandler.process(AbstractProtocol.java:637)
	at org.apache.tomcat.util.net.JIoEndpoint$SocketProcessor.run(JIoEndpoint.java:318)
	at java.util.concurrent.ThreadPoolExecutor.runWorker(ThreadPoolExecutor.java:1149)
	at java.util.concurrent.ThreadPoolExecutor$Worker.run(ThreadPoolExecutor.java:624)
	at org.apache.tomcat.util.threads.TaskThread$WrappingRunnable.run(TaskThread.java:61)
	at java.lang.Thread.run(Thread.java:748)
2018-06-24 19:53:02 INFO  EndpointConnection:64 - EndpointConnection.executeQuery : retrieved result.
2018-06-24 21:11:50 INFO  SystemTestNew:68 - SystemTestService.listAll :  system_tests retrieved.
2018-06-24 21:11:53 INFO  UnitTestService:144 - UnitTestService.listBySystemTest :  unit_tests retrieved by system_test_id.
2018-06-24 21:11:53 INFO  UnitTestService:189 - UnitTestService.findByID :  unit_test retrieved by id.
2018-06-24 21:11:53 ERROR EndpointConnection:39 - EndpointConnection.executeQuery : Query is not formed correctly.
2018-06-24 21:14:08 INFO  SystemTestNew:68 - SystemTestService.listAll :  system_tests retrieved.
2018-06-24 21:14:42 INFO  SystemTestNew:32 - SystemTestService.add : new system_test commited.
2018-06-24 21:14:42 INFO  SystemTestNew:68 - SystemTestService.listAll :  system_tests retrieved.
2018-06-24 21:14:45 INFO  UnitTestService:97 - UnitTestService.listAll :  unit_tests retrieved.
2018-06-24 21:14:46 INFO  SystemTestNew:68 - SystemTestService.listAll :  system_tests retrieved.
2018-06-24 21:15:58 INFO  UnitTestService:48 - UnitTestService.add : new unit_test is rolled back.
2018-06-24 21:15:58 ERROR UnitTestService:52 - Data truncation: Data too long for column 'query' at row 1
com.mysql.jdbc.MysqlDataTruncation: Data truncation: Data too long for column 'query' at row 1
	at com.mysql.jdbc.MysqlIO.checkErrorPacket(MysqlIO.java:3489)
	at com.mysql.jdbc.MysqlIO.checkErrorPacket(MysqlIO.java:3423)
	at com.mysql.jdbc.MysqlIO.sendCommand(MysqlIO.java:1936)
	at com.mysql.jdbc.MysqlIO.sqlQueryDirect(MysqlIO.java:2060)
	at com.mysql.jdbc.ConnectionImpl.execSQL(ConnectionImpl.java:2536)
	at com.mysql.jdbc.StatementImpl.executeUpdate(StatementImpl.java:1564)
	at com.mysql.jdbc.StatementImpl.executeUpdate(StatementImpl.java:1485)
	at edu.uga.discoverontology.service.UnitTestService.Add(UnitTestService.java:31)
	at edu.uga.discoverontology.presentation.UnitTestNew.save(UnitTestNew.java:145)
	at edu.uga.discoverontology.presentation.UnitTestNew.doPost(UnitTestNew.java:62)
	at javax.servlet.http.HttpServlet.service(HttpServlet.java:650)
	at javax.servlet.http.HttpServlet.service(HttpServlet.java:731)
	at org.apache.catalina.core.ApplicationFilterChain.internalDoFilter(ApplicationFilterChain.java:303)
	at org.apache.catalina.core.ApplicationFilterChain.doFilter(ApplicationFilterChain.java:208)
	at org.apache.tomcat.websocket.server.WsFilter.doFilter(WsFilter.java:52)
	at org.apache.catalina.core.ApplicationFilterChain.internalDoFilter(ApplicationFilterChain.java:241)
	at org.apache.catalina.core.ApplicationFilterChain.doFilter(ApplicationFilterChain.java:208)
	at org.apache.catalina.core.StandardWrapperValve.invoke(StandardWrapperValve.java:219)
	at org.apache.catalina.core.StandardContextValve.invoke(StandardContextValve.java:110)
	at org.apache.catalina.authenticator.AuthenticatorBase.invoke(AuthenticatorBase.java:498)
	at org.apache.catalina.core.StandardHostValve.invoke(StandardHostValve.java:169)
	at org.apache.catalina.valves.ErrorReportValve.invoke(ErrorReportValve.java:103)
	at org.apache.catalina.valves.AccessLogValve.invoke(AccessLogValve.java:1025)
	at org.apache.catalina.core.StandardEngineValve.invoke(StandardEngineValve.java:116)
	at org.apache.catalina.connector.CoyoteAdapter.service(CoyoteAdapter.java:445)
	at org.apache.coyote.http11.AbstractHttp11Processor.process(AbstractHttp11Processor.java:1139)
	at org.apache.coyote.AbstractProtocol$AbstractConnectionHandler.process(AbstractProtocol.java:637)
	at org.apache.tomcat.util.net.JIoEndpoint$SocketProcessor.run(JIoEndpoint.java:316)
	at java.util.concurrent.ThreadPoolExecutor.runWorker(ThreadPoolExecutor.java:1149)
	at java.util.concurrent.ThreadPoolExecutor$Worker.run(ThreadPoolExecutor.java:624)
	at org.apache.tomcat.util.threads.TaskThread$WrappingRunnable.run(TaskThread.java:61)
	at java.lang.Thread.run(Thread.java:748)
2018-06-24 21:15:58 INFO  UnitTestService:97 - UnitTestService.listAll :  unit_tests retrieved.
2018-06-24 21:17:38 INFO  SystemTestNew:68 - SystemTestService.listAll :  system_tests retrieved.
2018-06-24 21:18:14 INFO  UnitTestService:44 - UnitTestService.add : new unit_test commited.
2018-06-24 21:18:14 INFO  UnitTestService:97 - UnitTestService.listAll :  unit_tests retrieved.
2018-06-24 21:18:27 INFO  SystemTestNew:68 - SystemTestService.listAll :  system_tests retrieved.
2018-06-24 21:18:33 INFO  UnitTestService:144 - UnitTestService.listBySystemTest :  unit_tests retrieved by system_test_id.
2018-06-24 21:18:33 INFO  UnitTestService:189 - UnitTestService.findByID :  unit_test retrieved by id.
2018-06-24 21:18:34 ERROR EndpointConnection:67 - 
java.lang.NullPointerException
	at com.hp.hpl.jena.sparql.engine.http.HttpQuery.init(HttpQuery.java:107)
	at com.hp.hpl.jena.sparql.engine.http.HttpQuery.<init>(HttpQuery.java:90)
	at com.hp.hpl.jena.sparql.engine.http.QueryEngineHTTP.makeHttpQuery(QueryEngineHTTP.java:589)
	at com.hp.hpl.jena.sparql.engine.http.QueryEngineHTTP.execSelect(QueryEngineHTTP.java:344)
	at edu.uga.discoverontology.datastore.EndpointConnection.executeQuery(EndpointConnection.java:46)
	at edu.uga.discoverontology.presentation.RunUnitTest.loadPage(RunUnitTest.java:54)
	at edu.uga.discoverontology.presentation.RunUnitTest.doGet(RunUnitTest.java:29)
	at javax.servlet.http.HttpServlet.service(HttpServlet.java:624)
	at javax.servlet.http.HttpServlet.service(HttpServlet.java:731)
	at org.apache.catalina.core.ApplicationFilterChain.internalDoFilter(ApplicationFilterChain.java:303)
	at org.apache.catalina.core.ApplicationFilterChain.doFilter(ApplicationFilterChain.java:208)
	at org.apache.tomcat.websocket.server.WsFilter.doFilter(WsFilter.java:52)
	at org.apache.catalina.core.ApplicationFilterChain.internalDoFilter(ApplicationFilterChain.java:241)
	at org.apache.catalina.core.ApplicationFilterChain.doFilter(ApplicationFilterChain.java:208)
	at org.apache.catalina.core.StandardWrapperValve.invoke(StandardWrapperValve.java:219)
	at org.apache.catalina.core.StandardContextValve.invoke(StandardContextValve.java:110)
	at org.apache.catalina.authenticator.AuthenticatorBase.invoke(AuthenticatorBase.java:498)
	at org.apache.catalina.core.StandardHostValve.invoke(StandardHostValve.java:169)
	at org.apache.catalina.valves.ErrorReportValve.invoke(ErrorReportValve.java:103)
	at org.apache.catalina.valves.AccessLogValve.invoke(AccessLogValve.java:1025)
	at org.apache.catalina.core.StandardEngineValve.invoke(StandardEngineValve.java:116)
	at org.apache.catalina.connector.CoyoteAdapter.service(CoyoteAdapter.java:445)
	at org.apache.coyote.http11.AbstractHttp11Processor.process(AbstractHttp11Processor.java:1139)
	at org.apache.coyote.AbstractProtocol$AbstractConnectionHandler.process(AbstractProtocol.java:637)
	at org.apache.tomcat.util.net.JIoEndpoint$SocketProcessor.run(JIoEndpoint.java:318)
	at java.util.concurrent.ThreadPoolExecutor.runWorker(ThreadPoolExecutor.java:1149)
	at java.util.concurrent.ThreadPoolExecutor$Worker.run(ThreadPoolExecutor.java:624)
	at org.apache.tomcat.util.threads.TaskThread$WrappingRunnable.run(TaskThread.java:61)
	at java.lang.Thread.run(Thread.java:748)
2018-06-24 21:18:34 INFO  EndpointConnection:69 - EndpointConnection.executeQuery : retrieved result.
2018-06-24 21:18:43 INFO  UnitTestService:144 - UnitTestService.listBySystemTest :  unit_tests retrieved by system_test_id.
2018-06-24 21:18:43 INFO  UnitTestService:189 - UnitTestService.findByID :  unit_test retrieved by id.
2018-06-24 21:18:43 ERROR EndpointConnection:67 - 
java.lang.NullPointerException
	at com.hp.hpl.jena.sparql.engine.http.HttpQuery.init(HttpQuery.java:107)
	at com.hp.hpl.jena.sparql.engine.http.HttpQuery.<init>(HttpQuery.java:90)
	at com.hp.hpl.jena.sparql.engine.http.QueryEngineHTTP.makeHttpQuery(QueryEngineHTTP.java:589)
	at com.hp.hpl.jena.sparql.engine.http.QueryEngineHTTP.execSelect(QueryEngineHTTP.java:344)
	at edu.uga.discoverontology.datastore.EndpointConnection.executeQuery(EndpointConnection.java:46)
	at edu.uga.discoverontology.presentation.RunUnitTest.loadPage(RunUnitTest.java:54)
	at edu.uga.discoverontology.presentation.RunUnitTest.doGet(RunUnitTest.java:29)
	at javax.servlet.http.HttpServlet.service(HttpServlet.java:624)
	at javax.servlet.http.HttpServlet.service(HttpServlet.java:731)
	at org.apache.catalina.core.ApplicationFilterChain.internalDoFilter(ApplicationFilterChain.java:303)
	at org.apache.catalina.core.ApplicationFilterChain.doFilter(ApplicationFilterChain.java:208)
	at org.apache.tomcat.websocket.server.WsFilter.doFilter(WsFilter.java:52)
	at org.apache.catalina.core.ApplicationFilterChain.internalDoFilter(ApplicationFilterChain.java:241)
	at org.apache.catalina.core.ApplicationFilterChain.doFilter(ApplicationFilterChain.java:208)
	at org.apache.catalina.core.StandardWrapperValve.invoke(StandardWrapperValve.java:219)
	at org.apache.catalina.core.StandardContextValve.invoke(StandardContextValve.java:110)
	at org.apache.catalina.authenticator.AuthenticatorBase.invoke(AuthenticatorBase.java:498)
	at org.apache.catalina.core.StandardHostValve.invoke(StandardHostValve.java:169)
	at org.apache.catalina.valves.ErrorReportValve.invoke(ErrorReportValve.java:103)
	at org.apache.catalina.valves.AccessLogValve.invoke(AccessLogValve.java:1025)
	at org.apache.catalina.core.StandardEngineValve.invoke(StandardEngineValve.java:116)
	at org.apache.catalina.connector.CoyoteAdapter.service(CoyoteAdapter.java:445)
	at org.apache.coyote.http11.AbstractHttp11Processor.process(AbstractHttp11Processor.java:1139)
	at org.apache.coyote.AbstractProtocol$AbstractConnectionHandler.process(AbstractProtocol.java:637)
	at org.apache.tomcat.util.net.JIoEndpoint$SocketProcessor.run(JIoEndpoint.java:318)
	at java.util.concurrent.ThreadPoolExecutor.runWorker(ThreadPoolExecutor.java:1149)
	at java.util.concurrent.ThreadPoolExecutor$Worker.run(ThreadPoolExecutor.java:624)
	at org.apache.tomcat.util.threads.TaskThread$WrappingRunnable.run(TaskThread.java:61)
	at java.lang.Thread.run(Thread.java:748)
2018-06-24 21:18:43 INFO  EndpointConnection:69 - EndpointConnection.executeQuery : retrieved result.
2018-06-24 21:19:55 INFO  SystemTestNew:68 - SystemTestService.listAll :  system_tests retrieved.
2018-06-24 21:19:58 INFO  UnitTestService:144 - UnitTestService.listBySystemTest :  unit_tests retrieved by system_test_id.
2018-06-24 21:19:58 INFO  UnitTestService:189 - UnitTestService.findByID :  unit_test retrieved by id.
2018-06-24 21:19:59 ERROR EndpointConnection:67 - 
java.lang.NullPointerException
	at com.hp.hpl.jena.sparql.engine.http.HttpQuery.init(HttpQuery.java:107)
	at com.hp.hpl.jena.sparql.engine.http.HttpQuery.<init>(HttpQuery.java:90)
	at com.hp.hpl.jena.sparql.engine.http.QueryEngineHTTP.makeHttpQuery(QueryEngineHTTP.java:589)
	at com.hp.hpl.jena.sparql.engine.http.QueryEngineHTTP.execSelect(QueryEngineHTTP.java:344)
	at edu.uga.discoverontology.datastore.EndpointConnection.executeQuery(EndpointConnection.java:46)
	at edu.uga.discoverontology.presentation.RunUnitTest.loadPage(RunUnitTest.java:54)
	at edu.uga.discoverontology.presentation.RunUnitTest.doGet(RunUnitTest.java:29)
	at javax.servlet.http.HttpServlet.service(HttpServlet.java:624)
	at javax.servlet.http.HttpServlet.service(HttpServlet.java:731)
	at org.apache.catalina.core.ApplicationFilterChain.internalDoFilter(ApplicationFilterChain.java:303)
	at org.apache.catalina.core.ApplicationFilterChain.doFilter(ApplicationFilterChain.java:208)
	at org.apache.tomcat.websocket.server.WsFilter.doFilter(WsFilter.java:52)
	at org.apache.catalina.core.ApplicationFilterChain.internalDoFilter(ApplicationFilterChain.java:241)
	at org.apache.catalina.core.ApplicationFilterChain.doFilter(ApplicationFilterChain.java:208)
	at org.apache.catalina.core.StandardWrapperValve.invoke(StandardWrapperValve.java:219)
	at org.apache.catalina.core.StandardContextValve.invoke(StandardContextValve.java:110)
	at org.apache.catalina.authenticator.AuthenticatorBase.invoke(AuthenticatorBase.java:498)
	at org.apache.catalina.core.StandardHostValve.invoke(StandardHostValve.java:169)
	at org.apache.catalina.valves.ErrorReportValve.invoke(ErrorReportValve.java:103)
	at org.apache.catalina.valves.AccessLogValve.invoke(AccessLogValve.java:1025)
	at org.apache.catalina.core.StandardEngineValve.invoke(StandardEngineValve.java:116)
	at org.apache.catalina.connector.CoyoteAdapter.service(CoyoteAdapter.java:445)
	at org.apache.coyote.http11.AbstractHttp11Processor.process(AbstractHttp11Processor.java:1139)
	at org.apache.coyote.AbstractProtocol$AbstractConnectionHandler.process(AbstractProtocol.java:637)
	at org.apache.tomcat.util.net.JIoEndpoint$SocketProcessor.run(JIoEndpoint.java:318)
	at java.util.concurrent.ThreadPoolExecutor.runWorker(ThreadPoolExecutor.java:1149)
	at java.util.concurrent.ThreadPoolExecutor$Worker.run(ThreadPoolExecutor.java:624)
	at org.apache.tomcat.util.threads.TaskThread$WrappingRunnable.run(TaskThread.java:61)
	at java.lang.Thread.run(Thread.java:748)
2018-06-24 21:19:59 INFO  EndpointConnection:69 - EndpointConnection.executeQuery : retrieved result.
2018-06-24 21:23:03 INFO  SystemTestNew:68 - SystemTestService.listAll :  system_tests retrieved.
2018-06-24 21:23:07 INFO  UnitTestService:144 - UnitTestService.listBySystemTest :  unit_tests retrieved by system_test_id.
2018-06-24 21:23:07 INFO  UnitTestService:189 - UnitTestService.findByID :  unit_test retrieved by id.
2018-06-24 21:23:10 ERROR EndpointConnection:67 - Error making the query, see cause for details
HttpException: -1
	at com.hp.hpl.jena.sparql.engine.http.HttpQuery.execGet(HttpQuery.java:340)
	at com.hp.hpl.jena.sparql.engine.http.HttpQuery.exec(HttpQuery.java:276)
	at com.hp.hpl.jena.sparql.engine.http.QueryEngineHTTP.execSelect(QueryEngineHTTP.java:346)
	at edu.uga.discoverontology.datastore.EndpointConnection.executeQuery(EndpointConnection.java:46)
	at edu.uga.discoverontology.presentation.RunUnitTest.loadPage(RunUnitTest.java:54)
	at edu.uga.discoverontology.presentation.RunUnitTest.doGet(RunUnitTest.java:29)
	at javax.servlet.http.HttpServlet.service(HttpServlet.java:624)
	at javax.servlet.http.HttpServlet.service(HttpServlet.java:731)
	at org.apache.catalina.core.ApplicationFilterChain.internalDoFilter(ApplicationFilterChain.java:303)
	at org.apache.catalina.core.ApplicationFilterChain.doFilter(ApplicationFilterChain.java:208)
	at org.apache.tomcat.websocket.server.WsFilter.doFilter(WsFilter.java:52)
	at org.apache.catalina.core.ApplicationFilterChain.internalDoFilter(ApplicationFilterChain.java:241)
	at org.apache.catalina.core.ApplicationFilterChain.doFilter(ApplicationFilterChain.java:208)
	at org.apache.catalina.core.StandardWrapperValve.invoke(StandardWrapperValve.java:219)
	at org.apache.catalina.core.StandardContextValve.invoke(StandardContextValve.java:110)
	at org.apache.catalina.authenticator.AuthenticatorBase.invoke(AuthenticatorBase.java:498)
	at org.apache.catalina.core.StandardHostValve.invoke(StandardHostValve.java:169)
	at org.apache.catalina.valves.ErrorReportValve.invoke(ErrorReportValve.java:103)
	at org.apache.catalina.valves.AccessLogValve.invoke(AccessLogValve.java:1025)
	at org.apache.catalina.core.StandardEngineValve.invoke(StandardEngineValve.java:116)
	at org.apache.catalina.connector.CoyoteAdapter.service(CoyoteAdapter.java:445)
	at org.apache.coyote.http11.AbstractHttp11Processor.process(AbstractHttp11Processor.java:1139)
	at org.apache.coyote.AbstractProtocol$AbstractConnectionHandler.process(AbstractProtocol.java:637)
	at org.apache.tomcat.util.net.JIoEndpoint$SocketProcessor.run(JIoEndpoint.java:318)
	at java.util.concurrent.ThreadPoolExecutor.runWorker(ThreadPoolExecutor.java:1149)
	at java.util.concurrent.ThreadPoolExecutor$Worker.run(ThreadPoolExecutor.java:624)
	at org.apache.tomcat.util.threads.TaskThread$WrappingRunnable.run(TaskThread.java:61)
	at java.lang.Thread.run(Thread.java:748)
Caused by: org.apache.http.conn.HttpHostConnectException: Connection to http://localhost:8890 refused
	at org.apache.http.impl.conn.DefaultClientConnectionOperator.openConnection(DefaultClientConnectionOperator.java:190)
	at org.apache.http.impl.conn.ManagedClientConnectionImpl.open(ManagedClientConnectionImpl.java:294)
	at org.apache.http.impl.client.DefaultRequestDirector.tryConnect(DefaultRequestDirector.java:645)
	at org.apache.http.impl.client.DefaultRequestDirector.execute(DefaultRequestDirector.java:480)
	at org.apache.http.impl.client.AbstractHttpClient.execute(AbstractHttpClient.java:906)
	at org.apache.http.impl.client.DecompressingHttpClient.execute(DecompressingHttpClient.java:137)
	at org.apache.http.impl.client.DecompressingHttpClient.execute(DecompressingHttpClient.java:118)
	at org.apache.jena.riot.web.HttpOp.exec(HttpOp.java:1011)
	at org.apache.jena.riot.web.HttpOp.execHttpGet(HttpOp.java:291)
	at org.apache.jena.riot.web.HttpOp.execHttpGet(HttpOp.java:353)
	at com.hp.hpl.jena.sparql.engine.http.HttpQuery.execGet(HttpQuery.java:326)
	... 27 more
Caused by: java.net.ConnectException: Connection refused: connect
	at java.net.DualStackPlainSocketImpl.connect0(Native Method)
	at java.net.DualStackPlainSocketImpl.socketConnect(DualStackPlainSocketImpl.java:79)
	at java.net.AbstractPlainSocketImpl.doConnect(AbstractPlainSocketImpl.java:350)
	at java.net.AbstractPlainSocketImpl.connectToAddress(AbstractPlainSocketImpl.java:206)
	at java.net.AbstractPlainSocketImpl.connect(AbstractPlainSocketImpl.java:188)
	at java.net.PlainSocketImpl.connect(PlainSocketImpl.java:172)
	at java.net.SocksSocketImpl.connect(SocksSocketImpl.java:392)
	at java.net.Socket.connect(Socket.java:589)
	at org.apache.http.conn.scheme.PlainSocketFactory.connectSocket(PlainSocketFactory.java:127)
	at org.apache.http.impl.conn.DefaultClientConnectionOperator.openConnection(DefaultClientConnectionOperator.java:180)
	... 37 more
2018-06-24 21:23:10 INFO  EndpointConnection:69 - EndpointConnection.executeQuery : retrieved result.
